DEPRECATION WARNING: config.action_view.debug_rjs will be removed in 3.1, from 3.1 onwards you will need to install prototype-rails to continue to use RJS templates . (called from <top (required)> at /home/clement/Sites/jueso/config/environment.rb:5)
  [1m[36mSQL (0.4ms)[0m  [1mSHOW TABLES[0m
  [1m[35mSQL (1.0ms)[0m  describe `roles_users`
Mysql2::Error: Table 'jueso_dev.roles_users' doesn't exist: describe `roles_users`
  [1m[36mSQL (1.0ms)[0m  [1mdescribe `roles_users`[0m
Mysql2::Error: Table 'jueso_dev.roles_users' doesn't exist: describe `roles_users`
  [1m[35mSQL (0.5ms)[0m  SHOW TABLES
  [1m[36mSQL (0.5ms)[0m  [1mSHOW TABLES[0m
  [1m[35mSQL (0.3ms)[0m  SHOW TABLES
  [1m[36mSQL (0.1ms)[0m  [1mSHOW TABLES[0m
  [1m[35mSQL (0.3ms)[0m  SHOW TABLES
  [1m[36mSQL (0.5ms)[0m  [1mSHOW TABLES[0m
  [1m[35mSQL (0.5ms)[0m  SHOW TABLES
  [1m[36mSQL (0.3ms)[0m  [1mSHOW TABLES[0m
  [1m[35mSQL (0.3ms)[0m  SHOW TABLES
  [1m[36mSQL (0.3ms)[0m  [1mSHOW TABLES[0m
  [1m[35mSQL (0.5ms)[0m  SHOW TABLES
  [1m[36mSQL (156.7ms)[0m  [1mCREATE TABLE `schema_migrations` (`version` varchar(255) NOT NULL) ENGINE=InnoDB[0m
  [1m[35mSQL (0.6ms)[0m  SHOW KEYS FROM `schema_migrations`
  [1m[36mSQL (395.1ms)[0m  [1mCREATE UNIQUE INDEX `unique_schema_migrations` ON `schema_migrations` (`version`)[0m
  [1m[35mSQL (0.5ms)[0m  SHOW TABLES
  [1m[36mSQL (0.6ms)[0m  [1mSHOW TABLES[0m
  [1m[35mSQL (0.4ms)[0m  SELECT `schema_migrations`.`version` FROM `schema_migrations`
Migrating to DeviseCreateAdminUsers (20110617025334)
  [1m[36mSQL (162.9ms)[0m  [1mCREATE TABLE `admin_users` (`id` int(11) DEFAULT NULL auto_increment PRIMARY KEY, `email` varchar(255) DEFAULT '' NOT NULL, `encrypted_password` varchar(128) DEFAULT '' NOT NULL, `reset_password_token` varchar(255), `reset_password_sent_at` datetime, `remember_created_at` datetime, `sign_in_count` int(11) DEFAULT 0, `current_sign_in_at` datetime, `last_sign_in_at` datetime, `current_sign_in_ip` varchar(255), `last_sign_in_ip` varchar(255), `created_at` datetime, `updated_at` datetime) ENGINE=InnoDB[0m
  [1m[35mSQL (0.2ms)[0m  BEGIN
  [1m[36mSQL (0.4ms)[0m  [1mSELECT 1 FROM `admin_users` WHERE (`admin_users`.`email` = BINARY 'admin@jue.so') LIMIT 1[0m
  [1m[35mSQL (0.3ms)[0m  SHOW TABLES
  [1m[36mSQL (0.7ms)[0m  [1mdescribe `admin_users`[0m
  [1m[35mAREL (0.4ms)[0m  INSERT INTO `admin_users` (`email`, `encrypted_password`, `reset_password_token`, `reset_password_sent_at`, `remember_created_at`, `sign_in_count`, `current_sign_in_at`, `last_sign_in_at`, `current_sign_in_ip`, `last_sign_in_ip`, `created_at`, `updated_at`) VALUES ('admin@jue.so', '$2a$10$QcC9l7P/oLZrJkS/lqZWwerLa8.ABp7vsfxL9Y8Y.DxmMGbgBtS0a', NULL, NULL, NULL, 0, NULL, NULL, NULL, NULL, '2012-02-03 17:21:07', '2012-02-03 17:21:07')
  [1m[36mSQL (70.2ms)[0m  [1mCOMMIT[0m
  [1m[35mSQL (0.5ms)[0m  SHOW KEYS FROM `admin_users`
  [1m[36mSQL (370.8ms)[0m  [1mCREATE UNIQUE INDEX `index_admin_users_on_email` ON `admin_users` (`email`)[0m
  [1m[35mSQL (0.6ms)[0m  SHOW KEYS FROM `admin_users`
  [1m[36mSQL (387.2ms)[0m  [1mCREATE UNIQUE INDEX `index_admin_users_on_reset_password_token` ON `admin_users` (`reset_password_token`)[0m
  [1m[35mSQL (0.4ms)[0m  SHOW TABLES
  [1m[36mSQL (62.1ms)[0m  [1mINSERT INTO `schema_migrations` (`version`) VALUES ('20110617025334')[0m
Migrating to CreateAdminNotes (20110617105334)
  [1m[35mSQL (161.8ms)[0m  CREATE TABLE `admin_notes` (`id` int(11) DEFAULT NULL auto_increment PRIMARY KEY, `resource_id` int(11) NOT NULL, `resource_type` varchar(255) NOT NULL, `admin_user_id` int(11), `admin_user_type` varchar(255), `body` text, `created_at` datetime, `updated_at` datetime) ENGINE=InnoDB
  [1m[36mSQL (0.6ms)[0m  [1mSHOW KEYS FROM `admin_notes`[0m
  [1m[35mSQL (372.5ms)[0m  CREATE INDEX `index_admin_notes_on_resource_type_and_resource_id` ON `admin_notes` (`resource_type`, `resource_id`)
  [1m[36mSQL (0.7ms)[0m  [1mSHOW KEYS FROM `admin_notes`[0m
  [1m[35mSQL (357.9ms)[0m  CREATE INDEX `index_admin_notes_on_admin_user_type_and_admin_user_id` ON `admin_notes` (`admin_user_type`, `admin_user_id`)
  [1m[36mSQL (0.5ms)[0m  [1mSHOW TABLES[0m
  [1m[35mSQL (53.3ms)[0m  INSERT INTO `schema_migrations` (`version`) VALUES ('20110617105334')
Migrating to MoveAdminNotesToComments (20110617105335)
  [1m[36mSQL (0.6ms)[0m  [1mSHOW KEYS FROM `admin_notes`[0m
  [1m[35mSQL (329.0ms)[0m  DROP INDEX `index_admin_notes_on_admin_user_type_and_admin_user_id` ON `admin_notes`
  [1m[36mSQL (54.0ms)[0m  [1mRENAME TABLE `admin_notes` TO `active_admin_comments`[0m
  [1m[35mSQL (0.7ms)[0m  SHOW COLUMNS FROM `active_admin_comments` LIKE 'admin_user_type'
  [1m[36mSQL (320.3ms)[0m  [1mALTER TABLE `active_admin_comments` CHANGE `admin_user_type` `author_type` varchar(255) DEFAULT NULL[0m
  [1m[35mSQL (0.7ms)[0m  SHOW COLUMNS FROM `active_admin_comments` LIKE 'admin_user_id'
  [1m[36mSQL (416.9ms)[0m  [1mALTER TABLE `active_admin_comments` CHANGE `admin_user_id` `author_id` int(11) DEFAULT NULL[0m
  [1m[35mSQL (408.5ms)[0m  ALTER TABLE `active_admin_comments` ADD `namespace` varchar(255)
  [1m[36mSQL (0.5ms)[0m  [1mSHOW KEYS FROM `active_admin_comments`[0m
  [1m[35mSQL (320.5ms)[0m  CREATE INDEX `index_active_admin_comments_on_namespace` ON `active_admin_comments` (`namespace`)
  [1m[36mSQL (0.7ms)[0m  [1mSHOW KEYS FROM `active_admin_comments`[0m
  [1m[35mSQL (353.4ms)[0m  CREATE INDEX `index_active_admin_comments_on_author_type_and_author_id` ON `active_admin_comments` (`author_type`, `author_id`)
  [1m[36mSQL (0.7ms)[0m  [1mSHOW TABLES[0m
  [1m[35mSQL (59.2ms)[0m  INSERT INTO `schema_migrations` (`version`) VALUES ('20110617105335')
Migrating to DeviseCreateUsers (20110617105336)
  [1m[36mSQL (176.0ms)[0m  [1mCREATE TABLE `users` (`id` int(11) DEFAULT NULL auto_increment PRIMARY KEY, `email` varchar(255) DEFAULT '' NOT NULL, `encrypted_password` varchar(128) DEFAULT '' NOT NULL, `reset_password_token` varchar(255), `reset_password_sent_at` datetime, `remember_created_at` datetime, `sign_in_count` int(11) DEFAULT 0, `current_sign_in_at` datetime, `last_sign_in_at` datetime, `current_sign_in_ip` varchar(255), `last_sign_in_ip` varchar(255), `password_salt` varchar(255), `confirmation_token` varchar(255), `confirmed_at` datetime, `confirmation_sent_at` datetime, `created_at` datetime, `updated_at` datetime) ENGINE=InnoDB[0m
  [1m[35mSQL (0.5ms)[0m  SHOW KEYS FROM `users`
  [1m[36mSQL (364.1ms)[0m  [1mCREATE UNIQUE INDEX `index_users_on_email` ON `users` (`email`)[0m
  [1m[35mSQL (0.5ms)[0m  SHOW KEYS FROM `users`
  [1m[36mSQL (320.5ms)[0m  [1mCREATE UNIQUE INDEX `index_users_on_reset_password_token` ON `users` (`reset_password_token`)[0m
  [1m[35mSQL (0.5ms)[0m  SHOW TABLES
  [1m[36mSQL (53.2ms)[0m  [1mINSERT INTO `schema_migrations` (`version`) VALUES ('20110617105336')[0m
Migrating to CreateProjects (20110617105337)
  [1m[35mSQL (151.1ms)[0m  CREATE TABLE `projects` (`id` int(11) DEFAULT NULL auto_increment PRIMARY KEY, `title` varchar(255), `description` text, `created_at` datetime, `updated_at` datetime) ENGINE=InnoDB
  [1m[36mSQL (0.7ms)[0m  [1mSHOW TABLES[0m
  [1m[35mSQL (64.1ms)[0m  INSERT INTO `schema_migrations` (`version`) VALUES ('20110617105337')
Migrating to CreateRoles (20110617105338)
  [1m[36mSQL (151.8ms)[0m  [1mCREATE TABLE `roles` (`id` int(11) DEFAULT NULL auto_increment PRIMARY KEY, `name` varchar(255), `created_at` datetime, `updated_at` datetime) ENGINE=InnoDB[0m
  [1m[35mSQL (1.0ms)[0m  SHOW TABLES
  [1m[36mSQL (127.4ms)[0m  [1mINSERT INTO `schema_migrations` (`version`) VALUES ('20110617105338')[0m
Migrating to UserRoles (20110617105339)
  [1m[35mSQL (215.6ms)[0m  CREATE TABLE `roles_users` (`role_id` int(11), `user_id` int(11)) ENGINE=InnoDB
  [1m[36mSQL (0.5ms)[0m  [1mSHOW TABLES[0m
  [1m[35mSQL (63.7ms)[0m  INSERT INTO `schema_migrations` (`version`) VALUES ('20110617105339')
Migrating to AddUserIdToProjects (20110617105340)
  [1m[36mSQL (315.8ms)[0m  [1mALTER TABLE `projects` ADD `user_id` int(11) NOT NULL[0m
  [1m[35mSQL (0.6ms)[0m  SHOW TABLES
  [1m[36mSQL (53.2ms)[0m  [1mINSERT INTO `schema_migrations` (`version`) VALUES ('20110617105340')[0m
Migrating to AddFieldsToProject (20110617105341)
  [1m[35mSQL (327.5ms)[0m  ALTER TABLE `projects` ADD `rewards` text
  [1m[36mSQL (354.0ms)[0m  [1mALTER TABLE `projects` ADD `morelinks` text[0m
  [1m[35mSQL (322.3ms)[0m  ALTER TABLE `projects` ADD `money` int(11)
  [1m[36mSQL (0.6ms)[0m  [1mSHOW TABLES[0m
  [1m[35mSQL (55.8ms)[0m  INSERT INTO `schema_migrations` (`version`) VALUES ('20110617105341')
Migrating to CreateRelationships (20110617113245)
  [1m[36mSQL (170.9ms)[0m  [1mCREATE TABLE `relationships` (`id` int(11) DEFAULT NULL auto_increment PRIMARY KEY, `follower_id` int(11), `followed_id` int(11), `created_at` datetime, `updated_at` datetime) ENGINE=InnoDB[0m
  [1m[35mSQL (0.6ms)[0m  SHOW KEYS FROM `relationships`
  [1m[36mSQL (351.6ms)[0m  [1mCREATE INDEX `index_relationships_on_follower_id` ON `relationships` (`follower_id`)[0m
  [1m[35mSQL (0.7ms)[0m  SHOW KEYS FROM `relationships`
  [1m[36mSQL (943.8ms)[0m  [1mCREATE INDEX `index_relationships_on_followed_id` ON `relationships` (`followed_id`)[0m
  [1m[35mSQL (0.5ms)[0m  SHOW KEYS FROM `relationships`
  [1m[36mSQL (383.4ms)[0m  [1mCREATE UNIQUE INDEX `index_relationships_on_follower_id_and_followed_id` ON `relationships` (`follower_id`, `followed_id`)[0m
  [1m[35mSQL (0.4ms)[0m  SHOW TABLES
  [1m[36mSQL (52.9ms)[0m  [1mINSERT INTO `schema_migrations` (`version`) VALUES ('20110617113245')[0m
Migrating to CreateMicroposts (20110628030714)
  [1m[35mSQL (171.0ms)[0m  CREATE TABLE `microposts` (`id` int(11) DEFAULT NULL auto_increment PRIMARY KEY, `content` varchar(255), `user_id` int(11), `created_at` datetime, `updated_at` datetime) ENGINE=InnoDB
  [1m[36mSQL (0.5ms)[0m  [1mSHOW KEYS FROM `microposts`[0m
  [1m[35mSQL (539.2ms)[0m  CREATE INDEX `index_microposts_on_user_id` ON `microposts` (`user_id`)
  [1m[36mSQL (0.5ms)[0m  [1mSHOW KEYS FROM `microposts`[0m
  [1m[35mSQL (437.9ms)[0m  CREATE INDEX `index_microposts_on_created_at` ON `microposts` (`created_at`)
  [1m[36mSQL (0.6ms)[0m  [1mSHOW TABLES[0m
  [1m[35mSQL (52.3ms)[0m  INSERT INTO `schema_migrations` (`version`) VALUES ('20110628030714')
Migrating to CreateProposals (20110628121703)
  [1m[36mSQL (177.8ms)[0m  [1mCREATE TABLE `proposals` (`id` int(11) DEFAULT NULL auto_increment PRIMARY KEY, `title` varchar(255), `description` text, `rewards` text, `more` text, `money` int(11), `user_id` int(11), `created_at` datetime, `updated_at` datetime) ENGINE=InnoDB[0m
  [1m[35mSQL (0.5ms)[0m  SHOW KEYS FROM `proposals`
  [1m[36mSQL (321.1ms)[0m  [1mCREATE INDEX `index_proposals_on_user_id` ON `proposals` (`user_id`)[0m
  [1m[35mSQL (0.7ms)[0m  SHOW KEYS FROM `proposals`
  [1m[36mSQL (363.3ms)[0m  [1mCREATE INDEX `index_proposals_on_created_at` ON `proposals` (`created_at`)[0m
  [1m[35mSQL (0.5ms)[0m  SHOW KEYS FROM `proposals`
  [1m[36mSQL (363.6ms)[0m  [1mCREATE INDEX `index_proposals_on_money` ON `proposals` (`money`)[0m
  [1m[35mSQL (0.7ms)[0m  SHOW TABLES
  [1m[36mSQL (74.9ms)[0m  [1mINSERT INTO `schema_migrations` (`version`) VALUES ('20110628121703')[0m
Migrating to AddStatesToProposals (20110628152417)
  [1m[35mSQL (355.5ms)[0m  ALTER TABLE `proposals` ADD `state` text
  [1m[36mSQL (0.6ms)[0m  [1mSHOW TABLES[0m
  [1m[35mSQL (63.8ms)[0m  INSERT INTO `schema_migrations` (`version`) VALUES ('20110628152417')
Migrating to AddStatesToProjects (20110629073120)
  [1m[36mSQL (338.3ms)[0m  [1mALTER TABLE `projects` ADD `state` text[0m
  [1m[35mSQL (0.7ms)[0m  SHOW TABLES
  [1m[36mSQL (52.1ms)[0m  [1mINSERT INTO `schema_migrations` (`version`) VALUES ('20110629073120')[0m
Migrating to AddAttachmentAvatarToUser (20110630043528)
  [1m[35mSQL (328.0ms)[0m  ALTER TABLE `users` ADD `avatar_file_name` varchar(255)
  [1m[36mSQL (328.1ms)[0m  [1mALTER TABLE `users` ADD `avatar_content_type` varchar(255)[0m
  [1m[35mSQL (346.5ms)[0m  ALTER TABLE `users` ADD `avatar_file_size` int(11)
  [1m[36mSQL (309.5ms)[0m  [1mALTER TABLE `users` ADD `avatar_updated_at` datetime[0m
  [1m[35mSQL (0.5ms)[0m  SHOW TABLES
  [1m[36mSQL (55.7ms)[0m  [1mINSERT INTO `schema_migrations` (`version`) VALUES ('20110630043528')[0m
Migrating to ActsAsTaggableOnMigration (20110630055746)
  [1m[35mSQL (216.1ms)[0m  CREATE TABLE `tags` (`id` int(11) DEFAULT NULL auto_increment PRIMARY KEY, `name` varchar(255)) ENGINE=InnoDB
  [1m[36mSQL (176.1ms)[0m  [1mCREATE TABLE `taggings` (`id` int(11) DEFAULT NULL auto_increment PRIMARY KEY, `tag_id` int(11), `taggable_id` int(11), `taggable_type` varchar(255), `tagger_id` int(11), `tagger_type` varchar(255), `context` varchar(255), `created_at` datetime) ENGINE=InnoDB[0m
  [1m[35mSQL (0.6ms)[0m  SHOW KEYS FROM `taggings`
  [1m[36mSQL (342.3ms)[0m  [1mCREATE INDEX `index_taggings_on_tag_id` ON `taggings` (`tag_id`)[0m
  [1m[35mSQL (0.6ms)[0m  SHOW KEYS FROM `taggings`
  [1m[36mSQL (352.7ms)[0m  [1mCREATE INDEX `index_taggings_on_taggable_id_and_taggable_type_and_context` ON `taggings` (`taggable_id`, `taggable_type`, `context`)[0m
  [1m[35mSQL (0.8ms)[0m  SHOW TABLES
  [1m[36mSQL (57.9ms)[0m  [1mINSERT INTO `schema_migrations` (`version`) VALUES ('20110630055746')[0m
Migrating to AddUsernamesToUsers (20110701050651)
  [1m[35mSQL (325.2ms)[0m  ALTER TABLE `users` ADD `username` text
  [1m[36mSQL (0.7ms)[0m  [1mSHOW TABLES[0m
  [1m[35mSQL (41.9ms)[0m  INSERT INTO `schema_migrations` (`version`) VALUES ('20110701050651')
Migrating to RemoveDuplicateFromProjects (20110701094550)
  [1m[36mSQL (372.8ms)[0m  [1mALTER TABLE `projects` DROP `morelinks`[0m
  [1m[35mSQL (342.6ms)[0m  ALTER TABLE `projects` DROP `rewards`
  [1m[36mSQL (408.4ms)[0m  [1mALTER TABLE `projects` ADD `video_link` varchar(255)[0m
  [1m[35mSQL (0.6ms)[0m  SHOW TABLES
  [1m[36mSQL (57.5ms)[0m  [1mINSERT INTO `schema_migrations` (`version`) VALUES ('20110701094550')[0m
Migrating to CreateRewards (20110701101323)
  [1m[35mSQL (191.7ms)[0m  CREATE TABLE `rewards` (`id` int(11) DEFAULT NULL auto_increment PRIMARY KEY, `amount_min` int(11), `amount_max` int(11), `description` text, `project_id` int(11) NOT NULL, `created_at` datetime, `updated_at` datetime) ENGINE=InnoDB
  [1m[36mSQL (0.6ms)[0m  [1mSHOW KEYS FROM `rewards`[0m
  [1m[35mSQL (343.0ms)[0m  CREATE INDEX `index_rewards_on_project_id` ON `rewards` (`project_id`)
  [1m[36mSQL (0.7ms)[0m  [1mSHOW TABLES[0m
  [1m[35mSQL (63.1ms)[0m  INSERT INTO `schema_migrations` (`version`) VALUES ('20110701101323')
Migrating to CreateBacks (20110704055135)
  [1m[36mSQL (206.7ms)[0m  [1mCREATE TABLE `backs` (`id` int(11) DEFAULT NULL auto_increment PRIMARY KEY, `amount` int(11), `comment` text, `user_id` int(11), `project_id` int(11), `created_at` datetime, `updated_at` datetime) ENGINE=InnoDB[0m
  [1m[35mSQL (0.8ms)[0m  SHOW KEYS FROM `backs`
  [1m[36mSQL (364.6ms)[0m  [1mCREATE INDEX `index_backs_on_project_id` ON `backs` (`project_id`)[0m
  [1m[35mSQL (0.6ms)[0m  SHOW KEYS FROM `backs`
  [1m[36mSQL (851.7ms)[0m  [1mCREATE INDEX `index_backs_on_user_id` ON `backs` (`user_id`)[0m
  [1m[35mSQL (0.7ms)[0m  SHOW TABLES
  [1m[36mSQL (115.9ms)[0m  [1mINSERT INTO `schema_migrations` (`version`) VALUES ('20110704055135')[0m
Migrating to AddDeadlinesToProjects (20110707061647)
  [1m[35mSQL (522.9ms)[0m  ALTER TABLE `projects` ADD `deadline` datetime
  [1m[36mSQL (0.5ms)[0m  [1mSHOW TABLES[0m
  [1m[35mSQL (52.9ms)[0m  INSERT INTO `schema_migrations` (`version`) VALUES ('20110707061647')
Migrating to CreateLeads (20110707090610)
  [1m[36mSQL (185.2ms)[0m  [1mCREATE TABLE `leads` (`id` int(11) DEFAULT NULL auto_increment PRIMARY KEY, `title` varchar(255), `project_id` int(11), `created_at` datetime, `updated_at` datetime) ENGINE=InnoDB[0m
  [1m[35mSQL (0.7ms)[0m  SHOW KEYS FROM `leads`
  [1m[36mSQL (420.6ms)[0m  [1mCREATE INDEX `index_leads_on_project_id` ON `leads` (`project_id`)[0m
  [1m[35mSQL (0.5ms)[0m  SHOW TABLES
  [1m[36mSQL (53.2ms)[0m  [1mINSERT INTO `schema_migrations` (`version`) VALUES ('20110707090610')[0m
Migrating to AddThumbnailsToLeads (20110707092022)
  [1m[35mSQL (416.9ms)[0m  ALTER TABLE `leads` ADD `featimage_file_name` varchar(255)
  [1m[36mSQL (507.6ms)[0m  [1mALTER TABLE `leads` ADD `featimage_content_type` varchar(255)[0m
  [1m[35mSQL (508.3ms)[0m  ALTER TABLE `leads` ADD `featimage_file_size` int(11)
  [1m[36mSQL (377.1ms)[0m  [1mALTER TABLE `leads` ADD `featimage_updated_at` datetime[0m
  [1m[35mSQL (0.6ms)[0m  SHOW TABLES
  [1m[36mSQL (53.4ms)[0m  [1mINSERT INTO `schema_migrations` (`version`) VALUES ('20110707092022')[0m
Migrating to CreateProptoprojs (20110711064704)
  [1m[35mSQL (195.7ms)[0m  CREATE TABLE `proptoprojs` (`id` int(11) DEFAULT NULL auto_increment PRIMARY KEY, `proposal_id` int(11), `project_id` int(11), `created_at` datetime, `updated_at` datetime) ENGINE=InnoDB
  [1m[36mSQL (0.5ms)[0m  [1mSHOW KEYS FROM `proptoprojs`[0m
  [1m[35mSQL (332.1ms)[0m  CREATE INDEX `index_proptoprojs_on_proposal_id` ON `proptoprojs` (`proposal_id`)
  [1m[36mSQL (0.8ms)[0m  [1mSHOW KEYS FROM `proptoprojs`[0m
  [1m[35mSQL (340.5ms)[0m  CREATE INDEX `index_proptoprojs_on_project_id` ON `proptoprojs` (`project_id`)
  [1m[36mSQL (0.6ms)[0m  [1mSHOW KEYS FROM `proptoprojs`[0m
  [1m[35mSQL (338.4ms)[0m  CREATE UNIQUE INDEX `index_proptoprojs_on_project_id_and_proposal_id` ON `proptoprojs` (`project_id`, `proposal_id`)
  [1m[36mSQL (0.6ms)[0m  [1mSHOW TABLES[0m
  [1m[35mSQL (41.9ms)[0m  INSERT INTO `schema_migrations` (`version`) VALUES ('20110711064704')
Migrating to CreateComments (20110711090520)
  [1m[36mSQL (208.7ms)[0m  [1mCREATE TABLE `comments` (`id` int(11) DEFAULT NULL auto_increment PRIMARY KEY, `body` text, `project_id` int(11), `user_id` int(11), `created_at` datetime, `updated_at` datetime) ENGINE=InnoDB[0m
  [1m[35mSQL (0.4ms)[0m  SHOW TABLES
  [1m[36mSQL (54.3ms)[0m  [1mINSERT INTO `schema_migrations` (`version`) VALUES ('20110711090520')[0m
Migrating to AddInfoToUsers (20110713035107)
  [1m[35mSQL (340.5ms)[0m  ALTER TABLE `users` ADD `bio` text
  [1m[36mSQL (331.2ms)[0m  [1mALTER TABLE `users` ADD `link` varchar(255)[0m
  [1m[35mSQL (0.8ms)[0m  SHOW TABLES
  [1m[36mSQL (63.9ms)[0m  [1mINSERT INTO `schema_migrations` (`version`) VALUES ('20110713035107')[0m
Migrating to CreateUploads (20110715021100)
  [1m[35mSQL (179.7ms)[0m  CREATE TABLE `uploads` (`id` int(11) DEFAULT NULL auto_increment PRIMARY KEY, `picture_file_name` varchar(255), `picture_content_type` varchar(255), `picture_file_size` int(11), `picture_updated_at` datetime, `created_at` datetime, `updated_at` datetime) ENGINE=InnoDB
  [1m[36mSQL (0.6ms)[0m  [1mSHOW TABLES[0m
  [1m[35mSQL (63.3ms)[0m  INSERT INTO `schema_migrations` (`version`) VALUES ('20110715021100')
Migrating to CreateGalleries (20110721030217)
  [1m[36mSQL (160.6ms)[0m  [1mCREATE TABLE `galleries` (`id` int(11) DEFAULT NULL auto_increment PRIMARY KEY, `title` varchar(255), `description` text, `user_id` int(11), `created_at` datetime, `updated_at` datetime) ENGINE=InnoDB[0m
  [1m[35mSQL (0.7ms)[0m  SHOW KEYS FROM `galleries`
  [1m[36mSQL (339.3ms)[0m  [1mCREATE INDEX `index_galleries_on_user_id` ON `galleries` (`user_id`)[0m
  [1m[35mSQL (0.9ms)[0m  SHOW TABLES
  [1m[36mSQL (69.4ms)[0m  [1mINSERT INTO `schema_migrations` (`version`) VALUES ('20110721030217')[0m
Migrating to CreateGalleryFiles (20110721032438)
  [1m[35mSQL (174.2ms)[0m  CREATE TABLE `galleries_files` (`id` int(11) DEFAULT NULL auto_increment PRIMARY KEY, `upload_id` int(11), `gallery_id` int(11), `created_at` datetime, `updated_at` datetime) ENGINE=InnoDB
  [1m[36mSQL (0.4ms)[0m  [1mSHOW KEYS FROM `galleries_files`[0m
  [1m[35mSQL (330.9ms)[0m  CREATE INDEX `index_galleries_files_on_gallery_id` ON `galleries_files` (`gallery_id`)
  [1m[36mSQL (0.6ms)[0m  [1mSHOW TABLES[0m
  [1m[35mSQL (53.6ms)[0m  INSERT INTO `schema_migrations` (`version`) VALUES ('20110721032438')
Migrating to CreateUpdates (20110727075910)
  [1m[36mSQL (184.3ms)[0m  [1mCREATE TABLE `updates` (`id` int(11) DEFAULT NULL auto_increment PRIMARY KEY, `title` varchar(255), `body` text, `project_id` int(11), `user_id` int(11), `created_at` datetime, `updated_at` datetime) ENGINE=InnoDB[0m
  [1m[35mSQL (0.9ms)[0m  SHOW TABLES
  [1m[36mSQL (61.2ms)[0m  [1mINSERT INTO `schema_migrations` (`version`) VALUES ('20110727075910')[0m
Migrating to CreateFavorites (20110728040852)
  [1m[35mSQL (171.8ms)[0m  CREATE TABLE `favorites` (`id` int(11) DEFAULT NULL auto_increment PRIMARY KEY, `project_id` int(11), `user_id` int(11), `created_at` datetime, `updated_at` datetime) ENGINE=InnoDB
  [1m[36mSQL (0.5ms)[0m  [1mSHOW TABLES[0m
  [1m[35mSQL (63.0ms)[0m  INSERT INTO `schema_migrations` (`version`) VALUES ('20110728040852')
Migrating to AddRelatedToMicroposts (20110728073448)
  [1m[36mSQL (359.9ms)[0m  [1mALTER TABLE `microposts` ADD `ref` varchar(255)[0m
  [1m[35mSQL (337.5ms)[0m  ALTER TABLE `microposts` ADD `ref_id` int(11)
  [1m[36mSQL (0.7ms)[0m  [1mSHOW TABLES[0m
  [1m[35mSQL (65.9ms)[0m  INSERT INTO `schema_migrations` (`version`) VALUES ('20110728073448')
Migrating to AddDataToUsers (20110805062940)
  [1m[36mSQL (348.4ms)[0m  [1mALTER TABLE `users` ADD `city` varchar(255)[0m
  [1m[35mSQL (331.5ms)[0m  ALTER TABLE `users` ADD `weibo` varchar(255)
  [1m[36mSQL (375.5ms)[0m  [1mALTER TABLE `users` ADD `alias` varchar(255)[0m
  [1m[35mSQL (0.7ms)[0m  SHOW TABLES
  [1m[36mSQL (57.8ms)[0m  [1mINSERT INTO `schema_migrations` (`version`) VALUES ('20110805062940')[0m
Migrating to AddExtrasToUpdates (20110808100841)
  [1m[35mSQL (355.1ms)[0m  ALTER TABLE `updates` ADD `state` varchar(255)
  [1m[36mSQL (1.0ms)[0m  [1mSHOW TABLES[0m
  [1m[35mSQL (86.9ms)[0m  INSERT INTO `schema_migrations` (`version`) VALUES ('20110808100841')
Migrating to CreateCkeditorAssets (20110809125954)
  [1m[36mSQL (197.5ms)[0m  [1mCREATE TABLE `ckeditor_assets` (`id` int(11) DEFAULT NULL auto_increment PRIMARY KEY, `data_file_name` varchar(255) NOT NULL, `data_content_type` varchar(255), `data_file_size` int(11), `assetable_id` int(11), `assetable_type` varchar(30), `type` varchar(30), `created_at` datetime, `updated_at` datetime) ENGINE=InnoDB[0m
  [1m[35mSQL (0.7ms)[0m  SHOW KEYS FROM `ckeditor_assets`
  [1m[36mSQL (352.2ms)[0m  [1mCREATE INDEX `idx_ckeditor_assetable_type` ON `ckeditor_assets` (`assetable_type`, `type`, `assetable_id`)[0m
  [1m[35mSQL (0.7ms)[0m  SHOW KEYS FROM `ckeditor_assets`
  [1m[36mSQL (562.1ms)[0m  [1mCREATE INDEX `idx_ckeditor_assetable` ON `ckeditor_assets` (`assetable_type`, `assetable_id`)[0m
  [1m[35mSQL (0.5ms)[0m  SHOW TABLES
  [1m[36mSQL (135.3ms)[0m  [1mINSERT INTO `schema_migrations` (`version`) VALUES ('20110809125954')[0m
Migrating to AddImagesToUpdates (20110809125955)
  [1m[35mSQL (324.7ms)[0m  ALTER TABLE `updates` ADD `data_file_name` varchar(255)
  [1m[36mSQL (342.6ms)[0m  [1mALTER TABLE `updates` ADD `data_content_type` varchar(255)[0m
  [1m[35mSQL (329.8ms)[0m  ALTER TABLE `updates` ADD `data_file_size` int(11)
  [1m[36mSQL (395.4ms)[0m  [1mALTER TABLE `updates` ADD `data_updated_at` datetime[0m
  [1m[35mSQL (1.1ms)[0m  SHOW TABLES
  [1m[36mSQL (84.3ms)[0m  [1mINSERT INTO `schema_migrations` (`version`) VALUES ('20110809125955')[0m
Migrating to CreateChangeRoles (20110811050254)
  [1m[35mSQL (177.8ms)[0m  CREATE TABLE `change_roles` (`id` int(11) DEFAULT NULL auto_increment PRIMARY KEY, `real_name` varchar(255), `state` varchar(255), `description` text, `more` text, `phone` int(11), `role` varchar(255), `user_id` int(11), `created_at` datetime, `updated_at` datetime) ENGINE=InnoDB
  [1m[36mSQL (1.0ms)[0m  [1mSHOW TABLES[0m
  [1m[35mSQL (77.3ms)[0m  INSERT INTO `schema_migrations` (`version`) VALUES ('20110811050254')
Migrating to CreatePagesTable (20110812085528)
  [1m[36mSQL (426.0ms)[0m  [1mCREATE TABLE `pages` (`id` int(11) DEFAULT NULL auto_increment PRIMARY KEY, `title` varchar(255), `body` text, `admin_user_id` int(11), `created_at` datetime, `updated_at` datetime) ENGINE=InnoDB[0m
  [1m[35mSQL (1.0ms)[0m  SHOW TABLES
  [1m[36mSQL (72.8ms)[0m  [1mINSERT INTO `schema_migrations` (`version`) VALUES ('20110812085528')[0m
Migrating to CreateBetaInvites (20110826065011)
  [1m[35mSQL (397.8ms)[0m  CREATE TABLE `beta_invites` (`id` int(11) DEFAULT NULL auto_increment PRIMARY KEY, `email` varchar(255), `name` varchar(255), `created_at` datetime, `updated_at` datetime) ENGINE=InnoDB
  [1m[36mSQL (1.0ms)[0m  [1mSHOW TABLES[0m
  [1m[35mSQL (201.8ms)[0m  INSERT INTO `schema_migrations` (`version`) VALUES ('20110826065011')
Migrating to CreateDelayedJobs (20110830054823)
  [1m[36mSQL (0.7ms)[0m  [1mSHOW TABLES[0m
  [1m[35mSQL (176.9ms)[0m  CREATE TABLE `delayed_jobs` (`id` int(11) DEFAULT NULL auto_increment PRIMARY KEY, `priority` int(11) DEFAULT 0, `attempts` int(11) DEFAULT 0, `handler` text, `last_error` text, `run_at` datetime, `locked_at` datetime, `failed_at` datetime, `locked_by` varchar(255), `created_at` datetime, `updated_at` datetime) ENGINE=InnoDB
  [1m[36mSQL (0.7ms)[0m  [1mSHOW KEYS FROM `delayed_jobs`[0m
  [1m[35mSQL (440.7ms)[0m  CREATE INDEX `delayed_jobs_priority` ON `delayed_jobs` (`priority`, `run_at`)
  [1m[36mSQL (0.9ms)[0m  [1mSHOW TABLES[0m
  [1m[35mSQL (54.4ms)[0m  INSERT INTO `schema_migrations` (`version`) VALUES ('20110830054823')
  [1m[36mSQL (1.1ms)[0m  [1mSHOW TABLES[0m
  [1m[35mSQL (0.9ms)[0m  SHOW TABLES
  [1m[36mSQL (0.4ms)[0m  [1mSELECT `schema_migrations`.`version` FROM `schema_migrations`[0m
  [1m[35mSQL (0.9ms)[0m  SHOW TABLES
  [1m[36mSQL (0.5ms)[0m  [1mdescribe `active_admin_comments`[0m
  [1m[35mSQL (0.4ms)[0m  SHOW KEYS FROM `active_admin_comments`
  [1m[36mSQL (0.6ms)[0m  [1mdescribe `admin_users`[0m
  [1m[35mSQL (0.3ms)[0m  SHOW KEYS FROM `admin_users`
  [1m[36mSQL (0.4ms)[0m  [1mdescribe `backs`[0m
  [1m[35mSQL (0.3ms)[0m  SHOW KEYS FROM `backs`
  [1m[36mSQL (0.4ms)[0m  [1mdescribe `beta_invites`[0m
  [1m[35mSQL (0.3ms)[0m  SHOW KEYS FROM `beta_invites`
  [1m[36mSQL (0.4ms)[0m  [1mdescribe `change_roles`[0m
  [1m[35mSQL (0.3ms)[0m  SHOW KEYS FROM `change_roles`
  [1m[36mSQL (0.7ms)[0m  [1mdescribe `ckeditor_assets`[0m
  [1m[35mSQL (0.4ms)[0m  SHOW KEYS FROM `ckeditor_assets`
  [1m[36mSQL (0.6ms)[0m  [1mdescribe `comments`[0m
  [1m[35mSQL (0.3ms)[0m  SHOW KEYS FROM `comments`
  [1m[36mSQL (0.7ms)[0m  [1mdescribe `delayed_jobs`[0m
  [1m[35mSQL (0.4ms)[0m  SHOW KEYS FROM `delayed_jobs`
  [1m[36mSQL (0.6ms)[0m  [1mdescribe `favorites`[0m
  [1m[35mSQL (0.5ms)[0m  SHOW KEYS FROM `favorites`
  [1m[36mSQL (0.8ms)[0m  [1mdescribe `galleries`[0m
  [1m[35mSQL (0.4ms)[0m  SHOW KEYS FROM `galleries`
  [1m[36mSQL (0.7ms)[0m  [1mdescribe `galleries_files`[0m
  [1m[35mSQL (0.5ms)[0m  SHOW KEYS FROM `galleries_files`
  [1m[36mSQL (0.9ms)[0m  [1mdescribe `leads`[0m
  [1m[35mSQL (0.5ms)[0m  SHOW KEYS FROM `leads`
  [1m[36mSQL (0.9ms)[0m  [1mdescribe `microposts`[0m
  [1m[35mSQL (0.4ms)[0m  SHOW KEYS FROM `microposts`
  [1m[36mSQL (0.8ms)[0m  [1mdescribe `pages`[0m
  [1m[35mSQL (0.5ms)[0m  SHOW KEYS FROM `pages`
  [1m[36mSQL (1.0ms)[0m  [1mdescribe `projects`[0m
  [1m[35mSQL (0.5ms)[0m  SHOW KEYS FROM `projects`
  [1m[36mSQL (0.9ms)[0m  [1mdescribe `proposals`[0m
  [1m[35mSQL (0.5ms)[0m  SHOW KEYS FROM `proposals`
  [1m[36mSQL (0.8ms)[0m  [1mdescribe `proptoprojs`[0m
  [1m[35mSQL (0.6ms)[0m  SHOW KEYS FROM `proptoprojs`
  [1m[36mSQL (0.8ms)[0m  [1mdescribe `relationships`[0m
  [1m[35mSQL (0.5ms)[0m  SHOW KEYS FROM `relationships`
  [1m[36mSQL (0.9ms)[0m  [1mdescribe `rewards`[0m
  [1m[35mSQL (0.5ms)[0m  SHOW KEYS FROM `rewards`
  [1m[36mSQL (0.7ms)[0m  [1mdescribe `roles`[0m
  [1m[35mSQL (0.4ms)[0m  SHOW KEYS FROM `roles`
  [1m[36mSQL (0.7ms)[0m  [1mdescribe `roles_users`[0m
  [1m[35mSQL (0.4ms)[0m  SHOW KEYS FROM `roles_users`
  [1m[36mSQL (0.9ms)[0m  [1mdescribe `taggings`[0m
  [1m[35mSQL (0.6ms)[0m  SHOW KEYS FROM `taggings`
  [1m[36mSQL (0.7ms)[0m  [1mdescribe `tags`[0m
  [1m[35mSQL (0.5ms)[0m  SHOW KEYS FROM `tags`
  [1m[36mSQL (1.0ms)[0m  [1mdescribe `updates`[0m
  [1m[35mSQL (0.5ms)[0m  SHOW KEYS FROM `updates`
  [1m[36mSQL (0.9ms)[0m  [1mdescribe `uploads`[0m
  [1m[35mSQL (0.5ms)[0m  SHOW KEYS FROM `uploads`
  [1m[36mSQL (1.5ms)[0m  [1mdescribe `users`[0m
  [1m[35mSQL (0.6ms)[0m  SHOW KEYS FROM `users`
DEPRECATION WARNING: config.action_view.debug_rjs will be removed in 3.1, from 3.1 onwards you will need to install prototype-rails to continue to use RJS templates . (called from <top (required)> at /home/clement/Sites/jueso/config/environment.rb:5)
  [1m[36mSQL (1.3ms)[0m  [1mSHOW TABLES[0m
  [1m[35mSQL (1.0ms)[0m  describe `roles_users`
  [1m[36mSQL (1.0ms)[0m  [1mdescribe `roles_users`[0m
  [1m[35mSQL (1.2ms)[0m  SHOW TABLES
  [1m[36mSQL (1.0ms)[0m  [1mSHOW TABLES[0m
  [1m[35mSQL (1.0ms)[0m  SHOW TABLES
  [1m[36mSQL (0.6ms)[0m  [1mSHOW TABLES[0m


Started GET "/" for 127.0.0.1 at 2012-02-03 18:22:18 +0100
  Processing by PagesController#home as HTML
Completed   in 1505ms


Started GET "/users/sign_in" for 127.0.0.1 at 2012-02-03 18:22:21 +0100
  [1m[35mSQL (0.6ms)[0m  SHOW TABLES
  [1m[36mSQL (0.5ms)[0m  [1mdescribe `roles_users`[0m
  [1m[35mSQL (0.7ms)[0m  describe `roles_users`
  [1m[36mSQL (0.7ms)[0m  [1mSHOW TABLES[0m
  [1m[35mSQL (1.3ms)[0m  SHOW TABLES
  [1m[36mSQL (0.8ms)[0m  [1mSHOW TABLES[0m
  Processing by Devise::SessionsController#new as HTML
Rendered layouts/_stylesheets.rhtml (1.0ms)
Rendered layouts/_nav.rhtml (2.2ms)
Rendered layouts/_header.rhtml (4.6ms)
Rendered layouts/_footer.rhtml (6.7ms)
Rendered layouts/_bottom.rhtml (1.6ms)
Rendered users/_login_popup.html.erb (82.8ms)
Rendered devise/sessions/new.html.erb within layouts/application (160.4ms)
Completed 200 OK in 217ms (Views: 188.5ms | ActiveRecord: 4.6ms)
